0 info it worked if it ends with ok
1 verbose cli [ '/usr/local/iojs/bin/iojs', '/usr/local/bin/npm', 'publish' ]
2 info using npm@2.7.5
3 info using node@v1.6.4
4 verbose publish [ '.' ]
5 silly cache add args [ '.', null ]
6 verbose cache add spec .
7 silly cache add parsed spec { raw: '.',
7 silly cache add   scope: null,
7 silly cache add   name: null,
7 silly cache add   rawSpec: '.',
7 silly cache add   spec: '/Users/Fenix/Web/my-libs/node_modules/yalt',
7 silly cache add   type: 'directory' }
8 verbose addLocalDirectory /Users/Fenix/.npm/yalt/0.4.0/package.tgz not in flight; packing
9 verbose tar pack [ '/Users/Fenix/.npm/yalt/0.4.0/package.tgz',
9 verbose tar pack   '/Users/Fenix/Web/my-libs/node_modules/yalt' ]
10 verbose tarball /Users/Fenix/.npm/yalt/0.4.0/package.tgz
11 verbose folder /Users/Fenix/Web/my-libs/node_modules/yalt
12 info prepublish yalt@0.4.0
13 verbose addLocalTarball adding from inside cache /Users/Fenix/.npm/yalt/0.4.0/package.tgz
14 silly cache afterAdd yalt@0.4.0
15 verbose afterAdd /Users/Fenix/.npm/yalt/0.4.0/package/package.json not in flight; writing
16 verbose afterAdd /Users/Fenix/.npm/yalt/0.4.0/package/package.json written
17 silly publish { name: 'yalt',
17 silly publish   version: '0.4.0',
17 silly publish   description: 'Yet another language translator',
17 silly publish   main: 'yalt.js',
17 silly publish   scripts: { test: 'echo "Error: no test specified" && exit 1' },
17 silly publish   repository: { type: 'git', url: 'https://github.com/fenivana/yalt.git' },
17 silly publish   keywords: [ 'i18n', 'l10n', 'language', 'gettext' ],
17 silly publish   author: { name: 'Jiang Fengming', email: 'fenix@noindoin.com' },
17 silly publish   license: 'ISC',
17 silly publish   bugs: { url: 'https://github.com/fenivana/yalt/issues' },
17 silly publish   homepage: 'https://github.com/fenivana/yalt',
17 silly publish   dependencies: { 'sprintf-js': '^1.0.2' },
17 silly publish   readme: 'yalt - yet another language translator\r\n========',
17 silly publish   readmeFilename: 'README.md',
17 silly publish   gitHead: 'f5344a78d4cba64a3a89cc6bb099a496dca0486e',
17 silly publish   _id: 'yalt@0.4.0',
17 silly publish   _shasum: '1bc70f992b68d1a678887f62d02904014fb31b56',
17 silly publish   _from: '.' }
18 silly mapToRegistry name yalt
19 silly mapToRegistry using default registry
20 silly mapToRegistry registry https://registry.npmjs.org/
21 silly mapToRegistry uri https://registry.npmjs.org/yalt
22 verbose publish registryBase https://registry.npmjs.org/
23 silly publish uploading /Users/Fenix/.npm/yalt/0.4.0/package.tgz
24 verbose request uri https://registry.npmjs.org/yalt
25 verbose request sending authorization for write operation
26 info attempt registry request try #1 at 10:24:49
27 verbose request id b65f33bfebc74fc0
28 http request PUT https://registry.npmjs.org/yalt
29 http 403 https://registry.npmjs.org/yalt
30 verbose headers { date: 'Wed, 15 Apr 2015 02:24:48 GMT',
30 verbose headers   server: 'Apache',
30 verbose headers   'content-type': 'application/json',
30 verbose headers   'cache-control': 'max-age=60',
30 verbose headers   'content-length': '95',
30 verbose headers   'accept-ranges': 'bytes',
30 verbose headers   via: '1.1 varnish',
30 verbose headers   'x-served-by': 'cache-nrt6128-NRT',
30 verbose headers   'x-cache': 'MISS',
30 verbose headers   'x-cache-hits': '0',
30 verbose headers   'x-timer': 'S1429064688.229596,VS0,VE551',
30 verbose headers   'keep-alive': 'timeout=10, max=50',
30 verbose headers   connection: 'Keep-Alive' }
31 verbose request invalidating /Users/Fenix/.npm/registry.npmjs.org/yalt on PUT
32 error publish Failed PUT 403
33 verbose stack Error: "You cannot publish over the previously published version 0.4.0." : yalt
33 verbose stack     at CachingRegistryClient.<anonymous> (/usr/local/iojs/lib/node_modules/npm/node_modules/npm-registry-client/lib/request.js:247:14)
33 verbose stack     at Request._callback (/usr/local/iojs/lib/node_modules/npm/node_modules/npm-registry-client/lib/request.js:170:14)
33 verbose stack     at Request.self.callback (/usr/local/iojs/lib/node_modules/npm/node_modules/request/request.js:360:22)
33 verbose stack     at emitTwo (events.js:87:13)
33 verbose stack     at Request.emit (events.js:169:7)
33 verbose stack     at Request.<anonymous> (/usr/local/iojs/lib/node_modules/npm/node_modules/request/request.js:1202:14)
33 verbose stack     at emitOne (events.js:82:20)
33 verbose stack     at Request.emit (events.js:166:7)
33 verbose stack     at IncomingMessage.<anonymous> (/usr/local/iojs/lib/node_modules/npm/node_modules/request/request.js:1150:12)
33 verbose stack     at emitNone (events.js:72:20)
34 verbose statusCode 403
35 verbose pkgid yalt
36 verbose cwd /Users/Fenix/Web/my-libs/node_modules/yalt
37 error Darwin 14.3.0
38 error argv "/usr/local/iojs/bin/iojs" "/usr/local/bin/npm" "publish"
39 error node v1.6.4
40 error npm  v2.7.5
41 error code E403
42 error "You cannot publish over the previously published version 0.4.0." : yalt
43 error If you need help, you may report this error at:
43 error     <https://github.com/npm/npm/issues>
44 verbose exit [ 1, true ]
